<?xml version="1.0" encoding="UTF-8"?>
<testng-results ignored="0" total="1" passed="1" failed="0" skipped="0">
  <reporter-output>
  </reporter-output>
  <suite started-at="2023-09-08T15:06:21 IST" name="Suite" finished-at="2023-09-08T15:06:32 IST" duration-ms="10289">
    <groups>
    </groups>
    <test started-at="2023-09-08T15:06:21 IST" name="Test" finished-at="2023-09-08T15:06:32 IST" duration-ms="10289">
      <class name="testScript.LoginTest">
        <test-method signature="validLogin()[pri:0, instance:testScript.LoginTest@4686afc2]" started-at="2023-09-08T15:06:21 IST" name="validLogin" finished-at="2023-09-08T15:06:32 IST" duration-ms="10240" status="PASS">
          <reporter-output>
          </reporter-output>
        </test-method> <!-- validLogin -->
      </class> <!-- testScript.LoginTest -->
    </test> <!-- Test -->
  </suite> <!-- Suite -->
</testng-results>
